<?xml version="1.0" encoding="UTF-8"?>
<!-- Generated by org.testng.reporters.JUnitReportReporter -->
<testsuite hostname="ADITYA_KITTU" failures="0" tests="5" name="cucmberOptions.TestNGRunner" time="0.164" errors="0" timestamp="2026-01-02T21:16:32 IST" skipped="0">
  <testcase classname="cucmberOptions.TestNGRunner" name="runScenario" time="0.127"/>
  <testcase classname="cucmberOptions.TestNGRunner" name="runScenario" time="0.007"/>
  <testcase classname="cucmberOptions.TestNGRunner" name="runScenario" time="0.018"/>
  <testcase classname="cucmberOptions.TestNGRunner" name="runScenario" time="0.007"/>
  <testcase classname="cucmberOptions.TestNGRunner" name="runScenario" time="0.005"/>
</testsuite> <!-- cucmberOptions.TestNGRunner -->
